<?xml version="1.0" encoding="UTF-8"?>
<!-- Generated by org.testng.reporters.JUnitXMLReporter -->
<testsuite hostname="DESKTOP-N0CE5PM" name="Regression 1" tests="4" failures="0" timestamp="5 May 2019 14:58:06 GMT" time="20.058" errors="0">
  <testcase name="myTest2" time="10.016" classname="TestNGB9.ParallelMethod"/>
  <testcase name="myTest1" time="10.016" classname="TestNGB9.ParallelMethod"/>
  <testcase name="myTest3" time="10.016" classname="TestNGB9.ParallelMethod"/>
  <testcase name="myTest4" time="10.003" classname="TestNGB9.ParallelMethod"/>
</testsuite> <!-- Regression 1 -->
