<?xml version="1.0" encoding="UTF-8"?>
<testng-results skipped="0" failed="0" total="4" passed="4">
  <reporter-output>
  </reporter-output>
  <suite name="Parallel test suite" duration-ms="20058" started-at="2019-05-05T14:57:46Z" finished-at="2019-05-05T14:58:06Z">
    <groups>
    </groups>
    <test name="Regression 1" duration-ms="20058" started-at="2019-05-05T14:57:46Z" finished-at="2019-05-05T14:58:06Z">
      <class name="TestNGB9.ParallelMethod">
        <test-method status="PASS" signature="myTest3()[pri:0, instance:TestNGB9.ParallelMethod@7a92922]" name="myTest3" duration-ms="10016" started-at="2019-05-05T20:27:46Z" finished-at="2019-05-05T20:27:56Z">
          <reporter-output>
          </reporter-output>
        </test-method> <!-- myTest3 -->
        <test-method status="PASS" signature="myTest2()[pri:0, instance:TestNGB9.ParallelMethod@7a92922]" name="myTest2" duration-ms="10016" started-at="2019-05-05T20:27:46Z" finished-at="2019-05-05T20:27:56Z">
          <reporter-output>
          </reporter-output>
        </test-method> <!-- myTest2 -->
        <test-method status="PASS" signature="myTest1()[pri:0, instance:TestNGB9.ParallelMethod@7a92922]" name="myTest1" duration-ms="10016" started-at="2019-05-05T20:27:46Z" finished-at="2019-05-05T20:27:56Z">
          <reporter-output>
          </reporter-output>
        </test-method> <!-- myTest1 -->
        <test-method status="PASS" signature="myTest4()[pri:0, instance:TestNGB9.ParallelMethod@7a92922]" name="myTest4" duration-ms="10003" started-at="2019-05-05T20:27:56Z" finished-at="2019-05-05T20:28:06Z">
          <reporter-output>
          </reporter-output>
        </test-method> <!-- myTest4 -->
      </class> <!-- TestNGB9.ParallelMethod -->
    </test> <!-- Regression 1 -->
  </suite> <!-- Parallel test suite -->
</testng-results>
