<?xml version="1.0" encoding="UTF-8"?>
<!-- Generated by org.testng.reporters.JUnitXMLReporter -->
<testsuite hostname="DESKTOP-N0CE5PM" name="TestforParallel" tests="6" failures="1" timestamp="5 May 2019 14:56:21 GMT" time="70.86" errors="0">
  <testcase name="myTest1" time="10.022" classname="TestNGB9.ParallelClassB"/>
  <testcase name="myTest1" time="10.179" classname="TestNGB9.ParallelClassA">
    <failure type="java.lang.AssertionError">
      <![CDATA[java.lang.AssertionError: 
	at TestNGB9.ParallelClassA.myTest1(ParallelClassA.java:14)
	at java.util.concurrent.ThreadPoolExecutor.runWorker(Unknown Source)
	at java.util.concurrent.ThreadPoolExecutor$Worker.run(Unknown Source)
	at java.lang.Thread.run(Unknown Source)
... Removed 13 stack frames]]>
    </failure>
  </testcase> <!-- myTest1 -->
  <testcase name="myTest2" time="10.003" classname="TestNGB9.ParallelClassB"/>
  <testcase name="myTest2" time="10.011" classname="TestNGB9.ParallelClassA"/>
  <testcase name="myTestMethod" time="10.746" classname="basics.MyFirstAutomationScriptEdge"/>
  <testcase name="myTestMethod" time="50.56" classname="basics.MyFirstAutomationScriptFF"/>
</testsuite> <!-- TestforParallel -->
